Arguments: 
  /usr/local/lib/nodejs/node-v16.13.0-linux-x64/bin/node /home/al/.yarn/bin/yarn.js init

PATH: 
  /home/al/.yarn/bin:/home/al/.config/yarn/global/node_modules/.bin:/usr/local/lib/nodejs/node-v16.13.0-linux-x64/bin:/home/al/.yarn/bin:/home/al/.config/yarn/global/node_modules/.bin:/usr/local/lib/nodejs/node-v16.13.0-linux-x64/bin:/usr/local/sbin:/usr/local/bin:/usr/sbin:/usr/bin:/sbin:/bin:/usr/games:/usr/local/games:/snap/bin

Yarn version: 
  1.22.18

Node version: 
  16.13.0

Platform: 
  linux x64

Trace: 
  Error: canceled
      at Interface.<anonymous> (/home/al/.yarn/lib/cli.js:137143:13)
      at Interface.emit (node:events:390:28)
      at Interface._ttyWrite (node:readline:1081:16)
      at ReadStream.onkeypress (node:readline:288:10)
      at ReadStream.emit (node:events:390:28)
      at emitKeys (node:internal/readline/utils:358:14)
      at emitKeys.next (<anonymous>)
      at ReadStream.onData (node:internal/readline/emitKeypressEvents:61:36)
      at ReadStream.emit (node:events:390:28)
      at addChunk (node:internal/streams/readable:315:12)

npm manifest: 
  No manifest

yarn manifest: 
  No manifest

Lockfile: 
  No lockfile
